# JRE version: Java(TM) SE Runtime Environment (17.0.1+12) (build 17.0.1+12-LTS-39)
# Java VM: Java HotSpot(TM) 64-Bit Server VM (17.0.1+12-LTS-39, mixed mode, sharing, tiered, compressed oops, compressed class ptrs, parallel gc, windows-amd64)
GC Precious Log:
 CPUs: 4 total, 4 available
 Memory: 4006M
 Large Page Support: Disabled
 NUMA Support: Disabled
 Compressed Oops: Enabled (32-bit)
 Alignments: Space 512K, Generation 512K, Heap 2M
 Heap Min Capacity: 100M
 Heap Initial Capacity: 100M
 Heap Max Capacity: 1G
 Pre-touch: Disabled
 Parallel Workers: 4
Heap:
 PSYoungGen      total 6656K, used 1709K [0x00000000eab00000, 0x00000000eb380000, 0x0000000100000000)
  eden space 4096K, 0% used [0x00000000eab00000,0x00000000eab00000,0x00000000eaf00000)
  from space 2560K, 66% used [0x00000000eaf00000,0x00000000eb0ab610,0x00000000eb180000)
  to   space 2048K, 0% used [0x00000000eb180000,0x00000000eb180000,0x00000000eb380000)
 ParOldGen       total 229888K, used 229734K [0x00000000c0000000, 0x00000000ce080000, 0x00000000eab00000)
  object space 229888K, 99% used [0x00000000c0000000,0x00000000ce059ad0,0x00000000ce080000)
 Metaspace       used 61984K, committed 62912K, reserved 1105920K
  class space    used 6380K, committed 6848K, reserved 1048576K
GC Heap History (20 events):
Event: 1652.393 GC heap after
{Heap after GC invocations=86 (full 6):
 PSYoungGen      total 9216K, used 6585K [0x00000000eab00000, 0x00000000eba80000, 0x0000000100000000)
  eden space 2560K, 0% used [0x00000000eab00000,0x00000000eab00000,0x00000000ead80000)
  from space 6656K, 98% used [0x00000000eb400000,0x00000000eba6e580,0x00000000eba80000)
  to   space 6656K, 0% used [0x00000000ead80000,0x00000000ead80000,0x00000000eb400000)
 ParOldGen       total 197632K, used 192709K [0x00000000c0000000, 0x00000000cc100000, 0x00000000eab00000)
  object space 197632K, 97% used [0x00000000c0000000,0x00000000cbc31520,0x00000000cc100000)
 Metaspace       used 61674K, committed 62656K, reserved 1105920K
  class space    used 6349K, committed 6784K, reserved 1048576K
}
Event: 1670.859 GC heap before
{Heap before GC invocations=87 (full 6):
 PSYoungGen      total 9216K, used 9145K [0x00000000eab00000, 0x00000000eba80000, 0x0000000100000000)
  eden space 2560K, 100% used [0x00000000eab00000,0x00000000ead80000,0x00000000ead80000)
  from space 6656K, 98% used [0x00000000eb400000,0x00000000eba6e580,0x00000000eba80000)
  to   space 6656K, 0% used [0x00000000ead80000,0x00000000ead80000,0x00000000eb400000)
 ParOldGen       total 229376K, used 223429K [0x00000000c0000000, 0x00000000ce000000, 0x00000000eab00000)
  object space 229376K, 97% used [0x00000000c0000000,0x00000000cda31550,0x00000000ce000000)
 Metaspace       used 61698K, committed 62656K, reserved 1105920K
  class space    used 6349K, committed 6784K, reserved 1048576K
}
Event: 1670.874 GC heap after
{Heap after GC invocations=87 (full 6):
 PSYoungGen      total 9216K, used 6489K [0x00000000eab00000, 0x00000000ebb00000, 0x0000000100000000)
  eden space 2560K, 0% used [0x00000000eab00000,0x00000000eab00000,0x00000000ead80000)
  from space 6656K, 97% used [0x00000000ead80000,0x00000000eb3d6580,0x00000000eb400000)
  to   space 6656K, 0% used [0x00000000eb480000,0x00000000eb480000,0x00000000ebb00000)
 ParOldGen       total 229376K, used 223437K [0x00000000c0000000, 0x00000000ce000000, 0x00000000eab00000)
  object space 229376K, 97% used [0x00000000c0000000,0x00000000cda33550,0x00000000ce000000)
 Metaspace       used 61698K, committed 62656K, reserved 1105920K
  class space    used 6349K, committed 6784K, reserved 1048576K
}
Event: 1703.661 GC heap before
{Heap before GC invocations=88 (full 6):
 PSYoungGen      total 9216K, used 9049K [0x00000000eab00000, 0x00000000ebb00000, 0x0000000100000000)
  eden space 2560K, 100% used [0x00000000eab00000,0x00000000ead80000,0x00000000ead80000)
  from space 6656K, 97% used [0x00000000ead80000,0x00000000eb3d6580,0x00000000eb400000)
  to   space 6656K, 0% used [0x00000000eb480000,0x00000000eb480000,0x00000000ebb00000)
 ParOldGen       total 229376K, used 223437K [0x00000000c0000000, 0x00000000ce000000, 0x00000000eab00000)
  object space 229376K, 97% used [0x00000000c0000000,0x00000000cda33550,0x00000000ce000000)
 Metaspace       used 61786K, committed 62720K, reserved 1105920K
  class space    used 6363K, committed 6784K, reserved 1048576K
}
Event: 1703.675 GC heap after
{Heap after GC invocations=88 (full 6):
 PSYoungGen      total 9216K, used 6649K [0x00000000eab00000, 0x00000000ebc00000, 0x0000000100000000)
  eden space 2560K, 0% used [0x00000000eab00000,0x00000000eab00000,0x00000000ead80000)
  from space 6656K, 99% used [0x00000000eb480000,0x00000000ebafe580,0x00000000ebb00000)
  to   space 7168K, 0% used [0x00000000ead80000,0x00000000ead80000,0x00000000eb480000)
 ParOldGen       total 229376K, used 223437K [0x00000000c0000000, 0x00000000ce000000, 0x00000000eab00000)
  object space 229376K, 97% used [0x00000000c0000000,0x00000000cda33550,0x00000000ce000000)
 Metaspace       used 61786K, committed 62720K, reserved 1105920K
  class space    used 6363K, committed 6784K, reserved 1048576K
}
Event: 1730.993 GC heap before
{Heap before GC invocations=89 (full 6):
 PSYoungGen      total 9216K, used 9209K [0x00000000eab00000, 0x00000000ebc00000, 0x0000000100000000)
  eden space 2560K, 100% used [0x00000000eab00000,0x00000000ead80000,0x00000000ead80000)
  from space 6656K, 99% used [0x00000000eb480000,0x00000000ebafe580,0x00000000ebb00000)
  to   space 7168K, 0% used [0x00000000ead80000,0x00000000ead80000,0x00000000eb480000)
 ParOldGen       total 229376K, used 223437K [0x00000000c0000000, 0x00000000ce000000, 0x00000000eab00000)
  object space 229376K, 97% used [0x00000000c0000000,0x00000000cda33550,0x00000000ce000000)
 Metaspace       used 61793K, committed 62720K, reserved 1105920K
  class space    used 6363K, committed 6784K, reserved 1048576K
}
Event: 1731.008 GC heap after
{Heap after GC invocations=89 (full 6):
 PSYoungGen      total 8704K, used 5849K [0x00000000eab00000, 0x00000000eba80000, 0x0000000100000000)
  eden space 2560K, 0% used [0x00000000eab00000,0x00000000eab00000,0x00000000ead80000)
  from space 6144K, 95% used [0x00000000ead80000,0x00000000eb336580,0x00000000eb380000)
  to   space 6656K, 0% used [0x00000000eb400000,0x00000000eb400000,0x00000000eba80000)
 ParOldGen       total 229376K, used 224213K [0x00000000c0000000, 0x00000000ce000000, 0x00000000eab00000)
  object space 229376K, 97% used [0x00000000c0000000,0x00000000cdaf5550,0x00000000ce000000)
 Metaspace       used 61793K, committed 62720K, reserved 1105920K
  class space    used 6363K, committed 6784K, reserved 1048576K
}
Event: 1795.794 GC heap before
{Heap before GC invocations=90 (full 6):
 PSYoungGen      total 8704K, used 8409K [0x00000000eab00000, 0x00000000eba80000, 0x0000000100000000)
  eden space 2560K, 99% used [0x00000000eab00000,0x00000000ead7ffe8,0x00000000ead80000)
  from space 6144K, 95% used [0x00000000ead80000,0x00000000eb336580,0x00000000eb380000)
  to   space 6656K, 0% used [0x00000000eb400000,0x00000000eb400000,0x00000000eba80000)
 ParOldGen       total 229376K, used 224213K [0x00000000c0000000, 0x00000000ce000000, 0x00000000eab00000)
  object space 229376K, 97% used [0x00000000c0000000,0x00000000cdaf5550,0x00000000ce000000)
 Metaspace       used 61945K, committed 62848K, reserved 1105920K
  class space    used 6378K, committed 6784K, reserved 1048576K
}
Event: 1795.814 GC heap after
{Heap after GC invocations=90 (full 6):
 PSYoungGen      total 7168K, used 4192K [0x00000000eab00000, 0x00000000eb880000, 0x0000000100000000)
  eden space 2560K, 0% used [0x00000000eab00000,0x00000000eab00000,0x00000000ead80000)
  from space 4608K, 90% used [0x00000000eb400000,0x00000000eb818000,0x00000000eb880000)
  to   space 5120K, 0% used [0x00000000eae80000,0x00000000eae80000,0x00000000eb380000)
 ParOldGen       total 229376K, used 226006K [0x00000000c0000000, 0x00000000ce000000, 0x00000000eab00000)
  object space 229376K, 98% used [0x00000000c0000000,0x00000000cdcb5ad0,0x00000000ce000000)
 Metaspace       used 61945K, committed 62848K, reserved 1105920K
  class space    used 6378K, committed 6784K, reserved 1048576K
}
Event: 1796.116 GC heap before
{Heap before GC invocations=91 (full 6):
 PSYoungGen      total 7168K, used 6752K [0x00000000eab00000, 0x00000000eb880000, 0x0000000100000000)
  eden space 2560K, 100% used [0x00000000eab00000,0x00000000ead80000,0x00000000ead80000)
  from space 4608K, 90% used [0x00000000eb400000,0x00000000eb818000,0x00000000eb880000)
  to   space 5120K, 0% used [0x00000000eae80000,0x00000000eae80000,0x00000000eb380000)
 ParOldGen       total 229376K, used 226006K [0x00000000c0000000, 0x00000000ce000000, 0x00000000eab00000)
  object space 229376K, 98% used [0x00000000c0000000,0x00000000cdcb5ad0,0x00000000ce000000)
 Metaspace       used 61945K, committed 62848K, reserved 1105920K
  class space    used 6378K, committed 6784K, reserved 1048576K
}
Event: 1796.132 GC heap after
{Heap after GC invocations=91 (full 6):
 PSYoungGen      total 6144K, used 2808K [0x00000000eab00000, 0x00000000eb500000, 0x0000000100000000)
  eden space 3072K, 0% used [0x00000000eab00000,0x00000000eab00000,0x00000000eae00000)
  from space 3072K, 91% used [0x00000000eae80000,0x00000000eb13e0d8,0x00000000eb180000)
  to   space 3584K, 0% used [0x00000000eb180000,0x00000000eb180000,0x00000000eb500000)
 ParOldGen       total 229376K, used 227622K [0x00000000c0000000, 0x00000000ce000000, 0x00000000eab00000)
  object space 229376K, 99% used [0x00000000c0000000,0x00000000cde49ad0,0x00000000ce000000)
 Metaspace       used 61945K, committed 62848K, reserved 1105920K
  class space    used 6378K, committed 6784K, reserved 1048576K
}
Event: 1796.806 GC heap before
{Heap before GC invocations=92 (full 6):
 PSYoungGen      total 6144K, used 5879K [0x00000000eab00000, 0x00000000eb500000, 0x0000000100000000)
  eden space 3072K, 99% used [0x00000000eab00000,0x00000000eadffe18,0x00000000eae00000)
  from space 3072K, 91% used [0x00000000eae80000,0x00000000eb13e0d8,0x00000000eb180000)
  to   space 3584K, 0% used [0x00000000eb180000,0x00000000eb180000,0x00000000eb500000)
 ParOldGen       total 229376K, used 227622K [0x00000000c0000000, 0x00000000ce000000, 0x00000000eab00000)
  object space 229376K, 99% used [0x00000000c0000000,0x00000000cde49ad0,0x00000000ce000000)
 Metaspace       used 61946K, committed 62848K, reserved 1105920K
  class space    used 6378K, committed 6784K, reserved 1048576K
}
Event: 1796.817 GC heap after
{Heap after GC invocations=92 (full 6):
 PSYoungGen      total 6144K, used 2240K [0x00000000eab00000, 0x00000000eb400000, 0x0000000100000000)
  eden space 3584K, 0% used [0x00000000eab00000,0x00000000eab00000,0x00000000eae80000)
  from space 2560K, 87% used [0x00000000eb180000,0x00000000eb3b0000,0x00000000eb400000)
  to   space 2560K, 0% used [0x00000000eaf00000,0x00000000eaf00000,0x00000000eb180000)
 ParOldGen       total 229376K, used 228110K [0x00000000c0000000, 0x00000000ce000000, 0x00000000eab00000)
  object space 229376K, 99% used [0x00000000c0000000,0x00000000cdec3ad0,0x00000000ce000000)
 Metaspace       used 61946K, committed 62848K, reserved 1105920K
  class space    used 6378K, committed 6784K, reserved 1048576K
}
Event: 1796.917 GC heap before
{Heap before GC invocations=93 (full 6):
 PSYoungGen      total 6144K, used 5824K [0x00000000eab00000, 0x00000000eb400000, 0x0000000100000000)
  eden space 3584K, 100% used [0x00000000eab00000,0x00000000eae80000,0x00000000eae80000)
  from space 2560K, 87% used [0x00000000eb180000,0x00000000eb3b0000,0x00000000eb400000)
  to   space 2560K, 0% used [0x00000000eaf00000,0x00000000eaf00000,0x00000000eb180000)
 ParOldGen       total 229376K, used 228110K [0x00000000c0000000, 0x00000000ce000000, 0x00000000eab00000)
  object space 229376K, 99% used [0x00000000c0000000,0x00000000cdec3ad0,0x00000000ce000000)
 Metaspace       used 61946K, committed 62848K, reserved 1105920K
  class space    used 6378K, committed 6784K, reserved 1048576K
}
Event: 1796.927 GC heap after
{Heap after GC invocations=93 (full 6):
 PSYoungGen      total 6656K, used 2284K [0x00000000eab00000, 0x00000000eb400000, 0x0000000100000000)
  eden space 4096K, 0% used [0x00000000eab00000,0x00000000eab00000,0x00000000eaf00000)
  from space 2560K, 89% used [0x00000000eaf00000,0x00000000eb13b2d8,0x00000000eb180000)
  to   space 2560K, 0% used [0x00000000eb180000,0x00000000eb180000,0x00000000eb400000)
 ParOldGen       total 229376K, used 228510K [0x00000000c0000000, 0x00000000ce000000, 0x00000000eab00000)
  object space 229376K, 99% used [0x00000000c0000000,0x00000000cdf27ad0,0x00000000ce000000)
 Metaspace       used 61946K, committed 62848K, reserved 1105920K
  class space    used 6378K, committed 6784K, reserved 1048576K
}
Event: 1797.121 GC heap before
{Heap before GC invocations=94 (full 6):
 PSYoungGen      total 6656K, used 6380K [0x00000000eab00000, 0x00000000eb400000, 0x0000000100000000)
  eden space 4096K, 100% used [0x00000000eab00000,0x00000000eaf00000,0x00000000eaf00000)
  from space 2560K, 89% used [0x00000000eaf00000,0x00000000eb13b2d8,0x00000000eb180000)
  to   space 2560K, 0% used [0x00000000eb180000,0x00000000eb180000,0x00000000eb400000)
 ParOldGen       total 229376K, used 228510K [0x00000000c0000000, 0x00000000ce000000, 0x00000000eab00000)
  object space 229376K, 99% used [0x00000000c0000000,0x00000000cdf27ad0,0x00000000ce000000)
 Metaspace       used 61953K, committed 62848K, reserved 1105920K
  class space    used 6378K, committed 6784K, reserved 1048576K
}
Event: 1797.131 GC heap after
{Heap after GC invocations=94 (full 6):
 PSYoungGen      total 6656K, used 2243K [0x00000000eab00000, 0x00000000eb480000, 0x0000000100000000)
  eden space 4096K, 0% used [0x00000000eab00000,0x00000000eab00000,0x00000000eaf00000)
  from space 2560K, 87% used [0x00000000eb180000,0x00000000eb3b0d20,0x00000000eb400000)
  to   space 2560K, 0% used [0x00000000eaf00000,0x00000000eaf00000,0x00000000eb180000)
 ParOldGen       total 229376K, used 228782K [0x00000000c0000000, 0x00000000ce000000, 0x00000000eab00000)
  object space 229376K, 99% used [0x00000000c0000000,0x00000000cdf6bad0,0x00000000ce000000)
 Metaspace       used 61953K, committed 62848K, reserved 1105920K
  class space    used 6378K, committed 6784K, reserved 1048576K
}
Event: 1797.283 GC heap before
{Heap before GC invocations=95 (full 6):
 PSYoungGen      total 6656K, used 6339K [0x00000000eab00000, 0x00000000eb480000, 0x0000000100000000)
  eden space 4096K, 100% used [0x00000000eab00000,0x00000000eaf00000,0x00000000eaf00000)
  from space 2560K, 87% used [0x00000000eb180000,0x00000000eb3b0d20,0x00000000eb400000)
  to   space 2560K, 0% used [0x00000000eaf00000,0x00000000eaf00000,0x00000000eb180000)
 ParOldGen       total 229376K, used 228782K [0x00000000c0000000, 0x00000000ce000000, 0x00000000eab00000)
  object space 229376K, 99% used [0x00000000c0000000,0x00000000cdf6bad0,0x00000000ce000000)
 Metaspace       used 61984K, committed 62912K, reserved 1105920K
  class space    used 6380K, committed 6848K, reserved 1048576K
}
Event: 1797.292 GC heap after
{Heap after GC invocations=95 (full 6):
 PSYoungGen      total 6656K, used 1709K [0x00000000eab00000, 0x00000000eb380000, 0x0000000100000000)
  eden space 4096K, 0% used [0x00000000eab00000,0x00000000eab00000,0x00000000eaf00000)
  from space 2560K, 66% used [0x00000000eaf00000,0x00000000eb0ab610,0x00000000eb180000)
  to   space 2048K, 0% used [0x00000000eb180000,0x00000000eb180000,0x00000000eb380000)
 ParOldGen       total 229888K, used 229734K [0x00000000c0000000, 0x00000000ce080000, 0x00000000eab00000)
  object space 229888K, 99% used [0x00000000c0000000,0x00000000ce059ad0,0x00000000ce080000)
 Metaspace       used 61984K, committed 62912K, reserved 1105920K
  class space    used 6380K, committed 6848K, reserved 1048576K
}
Event: 1797.292 GC heap before
{Heap before GC invocations=96 (full 7):
 PSYoungGen      total 6656K, used 1709K [0x00000000eab00000, 0x00000000eb380000, 0x0000000100000000)
  eden space 4096K, 0% used [0x00000000eab00000,0x00000000eab00000,0x00000000eaf00000)
  from space 2560K, 66% used [0x00000000eaf00000,0x00000000eb0ab610,0x00000000eb180000)
  to   space 2048K, 0% used [0x00000000eb180000,0x00000000eb180000,0x00000000eb380000)
 ParOldGen       total 229888K, used 229734K [0x00000000c0000000, 0x00000000ce080000, 0x00000000eab00000)
  object space 229888K, 99% used [0x00000000c0000000,0x00000000ce059ad0,0x00000000ce080000)
 Metaspace       used 61984K, committed 62912K, reserved 1105920K
  class space    used 6380K, committed 6848K, reserved 1048576K
}

