# JRE version: Java(TM) SE Runtime Environment (17.0.1+12) (build 17.0.1+12-LTS-39)
# Java VM: Java HotSpot(TM) 64-Bit Server VM (17.0.1+12-LTS-39, mixed mode, sharing, tiered, compressed oops, compressed class ptrs, parallel gc, windows-amd64)
GC Precious Log:
 CPUs: 4 total, 4 available
 Memory: 4006M
 Large Page Support: Disabled
 NUMA Support: Disabled
 Compressed Oops: Enabled (32-bit)
 Alignments: Space 512K, Generation 512K, Heap 2M
 Heap Min Capacity: 100M
 Heap Initial Capacity: 100M
 Heap Max Capacity: 1G
 Pre-touch: Disabled
 Parallel Workers: 4
Heap:
 PSYoungGen      total 18432K, used 1531K [0x00000000eab00000, 0x00000000ed900000, 0x0000000100000000)
  eden space 16896K, 0% used [0x00000000eab00000,0x00000000eab00000,0x00000000ebb80000)
  from space 1536K, 99% used [0x00000000ec800000,0x00000000ec97eee0,0x00000000ec980000)
  to   space 12800K, 0% used [0x00000000ebb80000,0x00000000ebb80000,0x00000000ec800000)
 ParOldGen       total 279040K, used 278971K [0x00000000c0000000, 0x00000000d1080000, 0x00000000eab00000)
  object space 279040K, 99% used [0x00000000c0000000,0x00000000d106ed60,0x00000000d1080000)
 Metaspace       used 76333K, committed 77696K, reserved 1122304K
  class space    used 7494K, committed 8064K, reserved 1048576K
GC Heap History (20 events):
Event: 11960.117 GC heap after
{Heap after GC invocations=2021 (full 45):
 PSYoungGen      total 18432K, used 2034K [0x00000000eab00000, 0x00000000ecb00000, 0x0000000100000000)
  eden space 16384K, 0% used [0x00000000eab00000,0x00000000eab00000,0x00000000ebb00000)
  from space 2048K, 99% used [0x00000000ec880000,0x00000000eca7c8c0,0x00000000eca80000)
  to   space 512K, 0% used [0x00000000eca80000,0x00000000eca80000,0x00000000ecb00000)
 ParOldGen       total 277504K, used 233285K [0x00000000c0000000, 0x00000000d0f00000, 0x00000000eab00000)
  object space 277504K, 84% used [0x00000000c0000000,0x00000000ce3d16e8,0x00000000d0f00000)
 Metaspace       used 76119K, committed 77632K, reserved 1122304K
  class space    used 7483K, committed 8064K, reserved 1048576K
}
Event: 12024.528 GC heap before
{Heap before GC invocations=2022 (full 45):
 PSYoungGen      total 18432K, used 18418K [0x00000000eab00000, 0x00000000ecb00000, 0x0000000100000000)
  eden space 16384K, 99% used [0x00000000eab00000,0x00000000ebafff58,0x00000000ebb00000)
  from space 2048K, 99% used [0x00000000ec880000,0x00000000eca7c8c0,0x00000000eca80000)
  to   space 512K, 0% used [0x00000000eca80000,0x00000000eca80000,0x00000000ecb00000)
 ParOldGen       total 277504K, used 256325K [0x00000000c0000000, 0x00000000d0f00000, 0x00000000eab00000)
  object space 277504K, 92% used [0x00000000c0000000,0x00000000cfa51708,0x00000000d0f00000)
 Metaspace       used 76182K, committed 77632K, reserved 1122304K
  class space    used 7492K, committed 8064K, reserved 1048576K
}
Event: 12025.072 GC heap after
{Heap after GC invocations=2022 (full 45):
 PSYoungGen      total 19456K, used 506K [0x00000000eab00000, 0x00000000ecb00000, 0x0000000100000000)
  eden space 18944K, 0% used [0x00000000eab00000,0x00000000eab00000,0x00000000ebd80000)
  from space 512K, 98% used [0x00000000eca80000,0x00000000ecafe900,0x00000000ecb00000)
  to   space 5632K, 0% used [0x00000000ec000000,0x00000000ec000000,0x00000000ec580000)
 ParOldGen       total 277504K, used 261227K [0x00000000c0000000, 0x00000000d0f00000, 0x00000000eab00000)
  object space 277504K, 94% used [0x00000000c0000000,0x00000000cff1afe0,0x00000000d0f00000)
 Metaspace       used 76182K, committed 77632K, reserved 1122304K
  class space    used 7492K, committed 8064K, reserved 1048576K
}
Event: 12045.017 GC heap before
{Heap before GC invocations=2023 (full 45):
 PSYoungGen      total 19456K, used 19450K [0x00000000eab00000, 0x00000000ecb00000, 0x0000000100000000)
  eden space 18944K, 100% used [0x00000000eab00000,0x00000000ebd80000,0x00000000ebd80000)
  from space 512K, 98% used [0x00000000eca80000,0x00000000ecafe900,0x00000000ecb00000)
  to   space 5632K, 0% used [0x00000000ec000000,0x00000000ec000000,0x00000000ec580000)
 ParOldGen       total 277504K, used 261227K [0x00000000c0000000, 0x00000000d0f00000, 0x00000000eab00000)
  object space 277504K, 94% used [0x00000000c0000000,0x00000000cff1afe0,0x00000000d0f00000)
 Metaspace       used 76204K, committed 77632K, reserved 1122304K
  class space    used 7492K, committed 8064K, reserved 1048576K
}
Event: 12045.200 GC heap after
{Heap after GC invocations=2023 (full 45):
 PSYoungGen      total 27136K, used 1873K [0x00000000eab00000, 0x00000000ecb00000, 0x0000000100000000)
  eden space 21504K, 0% used [0x00000000eab00000,0x00000000eab00000,0x00000000ec000000)
  from space 5632K, 33% used [0x00000000ec000000,0x00000000ec1d4720,0x00000000ec580000)
  to   space 3584K, 0% used [0x00000000ec780000,0x00000000ec780000,0x00000000ecb00000)
 ParOldGen       total 277504K, used 261706K [0x00000000c0000000, 0x00000000d0f00000, 0x00000000eab00000)
  object space 277504K, 94% used [0x00000000c0000000,0x00000000cff92a10,0x00000000d0f00000)
 Metaspace       used 76204K, committed 77632K, reserved 1122304K
  class space    used 7492K, committed 8064K, reserved 1048576K
}
Event: 12053.626 GC heap before
{Heap before GC invocations=2024 (full 45):
 PSYoungGen      total 27136K, used 23377K [0x00000000eab00000, 0x00000000ecb00000, 0x0000000100000000)
  eden space 21504K, 100% used [0x00000000eab00000,0x00000000ec000000,0x00000000ec000000)
  from space 5632K, 33% used [0x00000000ec000000,0x00000000ec1d4720,0x00000000ec580000)
  to   space 3584K, 0% used [0x00000000ec780000,0x00000000ec780000,0x00000000ecb00000)
 ParOldGen       total 277504K, used 261706K [0x00000000c0000000, 0x00000000d0f00000, 0x00000000eab00000)
  object space 277504K, 94% used [0x00000000c0000000,0x00000000cff92a10,0x00000000d0f00000)
 Metaspace       used 76227K, committed 77632K, reserved 1122304K
  class space    used 7492K, committed 8064K, reserved 1048576K
}
Event: 12053.635 GC heap after
{Heap after GC invocations=2024 (full 45):
 PSYoungGen      total 22016K, used 512K [0x00000000eab00000, 0x00000000ec800000, 0x0000000100000000)
  eden space 21504K, 0% used [0x00000000eab00000,0x00000000eab00000,0x00000000ec000000)
  from space 512K, 100% used [0x00000000ec780000,0x00000000ec800000,0x00000000ec800000)
  to   space 1536K, 0% used [0x00000000ec500000,0x00000000ec500000,0x00000000ec680000)
 ParOldGen       total 277504K, used 262020K [0x00000000c0000000, 0x00000000d0f00000, 0x00000000eab00000)
  object space 277504K, 94% used [0x00000000c0000000,0x00000000cffe1220,0x00000000d0f00000)
 Metaspace       used 76227K, committed 77632K, reserved 1122304K
  class space    used 7492K, committed 8064K, reserved 1048576K
}
Event: 12074.839 GC heap before
{Heap before GC invocations=2025 (full 45):
 PSYoungGen      total 22016K, used 22016K [0x00000000eab00000, 0x00000000ec800000, 0x0000000100000000)
  eden space 21504K, 100% used [0x00000000eab00000,0x00000000ec000000,0x00000000ec000000)
  from space 512K, 100% used [0x00000000ec780000,0x00000000ec800000,0x00000000ec800000)
  to   space 1536K, 0% used [0x00000000ec500000,0x00000000ec500000,0x00000000ec680000)
 ParOldGen       total 277504K, used 262020K [0x00000000c0000000, 0x00000000d0f00000, 0x00000000eab00000)
  object space 277504K, 94% used [0x00000000c0000000,0x00000000cffe1220,0x00000000d0f00000)
 Metaspace       used 76234K, committed 77632K, reserved 1122304K
  class space    used 7492K, committed 8064K, reserved 1048576K
}
Event: 12075.024 GC heap after
{Heap after GC invocations=2025 (full 45):
 PSYoungGen      total 23040K, used 768K [0x00000000eab00000, 0x00000000ec800000, 0x0000000100000000)
  eden space 21504K, 0% used [0x00000000eab00000,0x00000000eab00000,0x00000000ec000000)
  from space 1536K, 50% used [0x00000000ec500000,0x00000000ec5c0000,0x00000000ec680000)
  to   space 1024K, 0% used [0x00000000ec700000,0x00000000ec700000,0x00000000ec800000)
 ParOldGen       total 277504K, used 262501K [0x00000000c0000000, 0x00000000d0f00000, 0x00000000eab00000)
  object space 277504K, 94% used [0x00000000c0000000,0x00000000d0059438,0x00000000d0f00000)
 Metaspace       used 76234K, committed 77632K, reserved 1122304K
  class space    used 7492K, committed 8064K, reserved 1048576K
}
Event: 12085.932 GC heap before
{Heap before GC invocations=2026 (full 45):
 PSYoungGen      total 23040K, used 22272K [0x00000000eab00000, 0x00000000ec800000, 0x0000000100000000)
  eden space 21504K, 100% used [0x00000000eab00000,0x00000000ec000000,0x00000000ec000000)
  from space 1536K, 50% used [0x00000000ec500000,0x00000000ec5c0000,0x00000000ec680000)
  to   space 1024K, 0% used [0x00000000ec700000,0x00000000ec700000,0x00000000ec800000)
 ParOldGen       total 277504K, used 262501K [0x00000000c0000000, 0x00000000d0f00000, 0x00000000eab00000)
  object space 277504K, 94% used [0x00000000c0000000,0x00000000d0059438,0x00000000d0f00000)
 Metaspace       used 76234K, committed 77632K, reserved 1122304K
  class space    used 7492K, committed 8064K, reserved 1048576K
}
Event: 12086.021 GC heap after
{Heap after GC invocations=2026 (full 45):
 PSYoungGen      total 22528K, used 928K [0x00000000eab00000, 0x00000000ec800000, 0x0000000100000000)
  eden space 21504K, 0% used [0x00000000eab00000,0x00000000eab00000,0x00000000ec000000)
  from space 1024K, 90% used [0x00000000ec700000,0x00000000ec7e8000,0x00000000ec800000)
  to   space 1024K, 0% used [0x00000000ec600000,0x00000000ec600000,0x00000000ec700000)
 ParOldGen       total 277504K, used 262501K [0x00000000c0000000, 0x00000000d0f00000, 0x00000000eab00000)
  object space 277504K, 94% used [0x00000000c0000000,0x00000000d0059438,0x00000000d0f00000)
 Metaspace       used 76234K, committed 77632K, reserved 1122304K
  class space    used 7492K, committed 8064K, reserved 1048576K
}
Event: 12379.579 GC heap before
{Heap before GC invocations=2027 (full 45):
 PSYoungGen      total 22528K, used 22432K [0x00000000eab00000, 0x00000000ec800000, 0x0000000100000000)
  eden space 21504K, 100% used [0x00000000eab00000,0x00000000ec000000,0x00000000ec000000)
  from space 1024K, 90% used [0x00000000ec700000,0x00000000ec7e8000,0x00000000ec800000)
  to   space 1024K, 0% used [0x00000000ec600000,0x00000000ec600000,0x00000000ec700000)
 ParOldGen       total 277504K, used 262501K [0x00000000c0000000, 0x00000000d0f00000, 0x00000000eab00000)
  object space 277504K, 94% used [0x00000000c0000000,0x00000000d0059438,0x00000000d0f00000)
 Metaspace       used 76263K, committed 77632K, reserved 1122304K
  class space    used 7492K, committed 8064K, reserved 1048576K
}
Event: 12383.056 GC heap after
{Heap after GC invocations=2027 (full 45):
 PSYoungGen      total 22528K, used 995K [0x00000000eab00000, 0x00000000ed200000, 0x0000000100000000)
  eden space 21504K, 0% used [0x00000000eab00000,0x00000000eab00000,0x00000000ec000000)
  from space 1024K, 97% used [0x00000000ec600000,0x00000000ec6f8d90,0x00000000ec700000)
  to   space 9216K, 0% used [0x00000000ec900000,0x00000000ec900000,0x00000000ed200000)
 ParOldGen       total 277504K, used 269230K [0x00000000c0000000, 0x00000000d0f00000, 0x00000000eab00000)
  object space 277504K, 97% used [0x00000000c0000000,0x00000000d06eb898,0x00000000d0f00000)
 Metaspace       used 76263K, committed 77632K, reserved 1122304K
  class space    used 7492K, committed 8064K, reserved 1048576K
}
Event: 13099.288 GC heap before
{Heap before GC invocations=2028 (full 45):
 PSYoungGen      total 22528K, used 22499K [0x00000000eab00000, 0x00000000ed200000, 0x0000000100000000)
  eden space 21504K, 100% used [0x00000000eab00000,0x00000000ec000000,0x00000000ec000000)
  from space 1024K, 97% used [0x00000000ec600000,0x00000000ec6f8d90,0x00000000ec700000)
  to   space 9216K, 0% used [0x00000000ec900000,0x00000000ec900000,0x00000000ed200000)
 ParOldGen       total 277504K, used 269230K [0x00000000c0000000, 0x00000000d0f00000, 0x00000000eab00000)
  object space 277504K, 97% used [0x00000000c0000000,0x00000000d06eb898,0x00000000d0f00000)
 Metaspace       used 76294K, committed 77696K, reserved 1122304K
  class space    used 7494K, committed 8064K, reserved 1048576K
}
Event: 13102.741 GC heap after
{Heap after GC invocations=2028 (full 45):
 PSYoungGen      total 22016K, used 496K [0x00000000eab00000, 0x00000000ec980000, 0x0000000100000000)
  eden space 21504K, 0% used [0x00000000eab00000,0x00000000eab00000,0x00000000ec000000)
  from space 512K, 96% used [0x00000000ec900000,0x00000000ec97c010,0x00000000ec980000)
  to   space 3584K, 0% used [0x00000000ec280000,0x00000000ec280000,0x00000000ec600000)
 ParOldGen       total 277504K, used 269606K [0x00000000c0000000, 0x00000000d0f00000, 0x00000000eab00000)
  object space 277504K, 97% used [0x00000000c0000000,0x00000000d07498a8,0x00000000d0f00000)
 Metaspace       used 76294K, committed 77696K, reserved 1122304K
  class space    used 7494K, committed 8064K, reserved 1048576K
}
Event: 13144.918 GC heap before
{Heap before GC invocations=2029 (full 45):
 PSYoungGen      total 22016K, used 22000K [0x00000000eab00000, 0x00000000ec980000, 0x0000000100000000)
  eden space 21504K, 100% used [0x00000000eab00000,0x00000000ec000000,0x00000000ec000000)
  from space 512K, 96% used [0x00000000ec900000,0x00000000ec97c010,0x00000000ec980000)
  to   space 3584K, 0% used [0x00000000ec280000,0x00000000ec280000,0x00000000ec600000)
 ParOldGen       total 277504K, used 269606K [0x00000000c0000000, 0x00000000d0f00000, 0x00000000eab00000)
  object space 277504K, 97% used [0x00000000c0000000,0x00000000d07498a8,0x00000000d0f00000)
 Metaspace       used 76333K, committed 77696K, reserved 1122304K
  class space    used 7494K, committed 8064K, reserved 1048576K
}
Event: 13145.879 GC heap after
{Heap after GC invocations=2029 (full 45):
 PSYoungGen      total 25088K, used 932K [0x00000000eab00000, 0x00000000ec980000, 0x0000000100000000)
  eden space 21504K, 0% used [0x00000000eab00000,0x00000000eab00000,0x00000000ec000000)
  from space 3584K, 26% used [0x00000000ec280000,0x00000000ec369210,0x00000000ec600000)
  to   space 1536K, 0% used [0x00000000ec800000,0x00000000ec800000,0x00000000ec980000)
 ParOldGen       total 277504K, used 269614K [0x00000000c0000000, 0x00000000d0f00000, 0x00000000eab00000)
  object space 277504K, 97% used [0x00000000c0000000,0x00000000d074b8a8,0x00000000d0f00000)
 Metaspace       used 76333K, committed 77696K, reserved 1122304K
  class space    used 7494K, committed 8064K, reserved 1048576K
}
Event: 13180.445 GC heap before
{Heap before GC invocations=2030 (full 45):
 PSYoungGen      total 25088K, used 22436K [0x00000000eab00000, 0x00000000ec980000, 0x0000000100000000)
  eden space 21504K, 100% used [0x00000000eab00000,0x00000000ec000000,0x00000000ec000000)
  from space 3584K, 26% used [0x00000000ec280000,0x00000000ec369210,0x00000000ec600000)
  to   space 1536K, 0% used [0x00000000ec800000,0x00000000ec800000,0x00000000ec980000)
 ParOldGen       total 277504K, used 269614K [0x00000000c0000000, 0x00000000d0f00000, 0x00000000eab00000)
  object space 277504K, 97% used [0x00000000c0000000,0x00000000d074b8a8,0x00000000d0f00000)
 Metaspace       used 76333K, committed 77696K, reserved 1122304K
  class space    used 7494K, committed 8064K, reserved 1048576K
}
Event: 13180.869 GC heap after
{Heap after GC invocations=2030 (full 45):
 PSYoungGen      total 18432K, used 1531K [0x00000000eab00000, 0x00000000ed900000, 0x0000000100000000)
  eden space 16896K, 0% used [0x00000000eab00000,0x00000000eab00000,0x00000000ebb80000)
  from space 1536K, 99% used [0x00000000ec800000,0x00000000ec97eee0,0x00000000ec980000)
  to   space 12800K, 0% used [0x00000000ebb80000,0x00000000ebb80000,0x00000000ec800000)
 ParOldGen       total 279040K, used 278971K [0x00000000c0000000, 0x00000000d1080000, 0x00000000eab00000)
  object space 279040K, 99% used [0x00000000c0000000,0x00000000d106ed60,0x00000000d1080000)
 Metaspace       used 76333K, committed 77696K, reserved 1122304K
  class space    used 7494K, committed 8064K, reserved 1048576K
}
Event: 13180.901 GC heap before
{Heap before GC invocations=2031 (full 46):
 PSYoungGen      total 18432K, used 1531K [0x00000000eab00000, 0x00000000ed900000, 0x0000000100000000)
  eden space 16896K, 0% used [0x00000000eab00000,0x00000000eab00000,0x00000000ebb80000)
  from space 1536K, 99% used [0x00000000ec800000,0x00000000ec97eee0,0x00000000ec980000)
  to   space 12800K, 0% used [0x00000000ebb80000,0x00000000ebb80000,0x00000000ec800000)
 ParOldGen       total 279040K, used 278971K [0x00000000c0000000, 0x00000000d1080000, 0x00000000eab00000)
  object space 279040K, 99% used [0x00000000c0000000,0x00000000d106ed60,0x00000000d1080000)
 Metaspace       used 76333K, committed 77696K, reserved 1122304K
  class space    used 7494K, committed 8064K, reserved 1048576K
}

